test-faceiq-parity.ts(111,13): error TS7053: Element implicitly has an 'any' type because expression of type 'string' can't be used to index type 'Partial<Record<DemographicKey, DemographicOverride>>'.
  No index signature with a parameter of type 'string' was found on type 'Partial<Record<DemographicKey, DemographicOverride>>'.
test-faceiq-parity.ts(111,31): error TS7053: Element implicitly has an 'any' type because expression of type 'string' can't be used to index type 'Partial<Record<DemographicKey, DemographicOverride>>'.
  No index signature with a parameter of type 'string' was found on type 'Partial<Record<DemographicKey, DemographicOverride>>'.
test-faceiq-parity.ts(111,49): error TS7053: Element implicitly has an 'any' type because expression of type 'string' can't be used to index type 'Partial<Record<DemographicKey, DemographicOverride>>'.
  No index signature with a parameter of type 'string' was found on type 'Partial<Record<DemographicKey, DemographicOverride>>'.
test-faceiq-parity.ts(124,82): error TS2345: Argument of type 'boolean | null' is not assignable to parameter of type 'boolean'.
  Type 'null' is not assignable to type 'boolean'.
test-faceiq-parity.ts(217,51): error TS2345: Argument of type '{ id: string; flawName: string; categoryName: string; summary: string; severity: "moderate"; harmonyPercentageLost: number; responsibleRatios: { ratioId: string; ratioName: string; score: number; }[]; }[]' is not assignable to parameter of type 'Flaw[]'.
  Property 'standardizedImpact' is missing in type '{ id: string; flawName: string; categoryName: string; summary: string; severity: "moderate"; harmonyPercentageLost: number; responsibleRatios: { ratioId: string; ratioName: string; score: number; }[]; }' but required in type 'Flaw'.
test-faceiq-parity.ts(235,62): error TS2345: Argument of type 'boolean | null' is not assignable to parameter of type 'boolean'.
  Type 'null' is not assignable to type 'boolean'.
test-faceiq-parity.ts(241,63): error TS2345: Argument of type 'boolean | null' is not assignable to parameter of type 'boolean'.
  Type 'null' is not assignable to type 'boolean'.