Exit code 1
  error: subprocess-exited-with-error
  
  × Preparing metadata (pyproject.toml) did not run successfully.
  │ exit code: 127
  ╰─> [99 lines of output]
      + meson setup /private/var/folders/_h/3wt_s0kj1gd4hc0v__8qc3dm0000gn/T/pip-install-f0ai8w3v/scikit-image_d223559366c74bbca1b4023c571277bf /private/var/folders/_h/3wt_s0kj1gd4hc0v__8qc3dm0000gn/T/pip-install-f0ai8w3v/scikit-image_d223559366c74bbca1b4023c571277bf/.mesonpy-47uzmoxn -Dbuildtype=release -Db_ndebug=if-release -Db_vscrt=md --native-file=/private/var/folders/_h/3wt_s0kj1gd4hc0v__8qc3dm0000gn/T/pip-install-f0ai8w3v/scikit-image_d223559366c74bbca1b4023c571277bf/.mesonpy-47uzmoxn/meson-python-native-file.ini
      The Meson build system
      Version: 1.10.0
      Source dir: /private/var/folders/_h/3wt_s0kj1gd4hc0v__8qc3dm0000gn/T/pip-install-f0ai8w3v/scikit-image_d223559366c74bbca1b4023c571277bf
      Build dir: /private/var/folders/_h/3wt_s0kj1gd4hc0v__8qc3dm0000gn/T/pip-install-f0ai8w3v/scikit-image_d223559366c74bbca1b4023c571277bf/.mesonpy-47uzmoxn
      Build type: native build
      Project name: scikit-image
      Project version: 0.25.2
      C compiler for the host machine: cc (clang 17.0.0 "Apple clang version 17.0.0 (clang-1700.6.3.2)")
      C linker for the host machine: cc ld64 1230.1
      C++ compiler for the host machine: c++ (clang 17.0.0 "Apple clang version 17.0.0 (clang-1700.6.3.2)")
      C++ linker for the host machine: c++ ld64 1230.1
      Cython compiler for the host machine: cython (cython 3.2.3)
      Host machine cpu family: aarch64
      Host machine cpu: aarch64
      Compiler for C supports arguments -Wno-unused-function: YES
      Library m found: YES
      Checking if "-Wl,--version-script" links: NO
      Program cython found: YES (/private/var/folders/_h/3wt_s0kj1gd4hc0v__8qc3dm0000gn/T/pip-build-env-ljztvk9k/overlay/bin/cython)
      Program pythran found: YES (/private/var/folders/_h/3wt_s0kj1gd4hc0v__8qc3dm0000gn/T/pip-build-env-ljztvk9k/overlay/bin/pythran)
      Program cp found: YES (/bin/cp)
      Program python found: YES (/Library/Frameworks/Python.framework/Versions/3.14/bin/python3.14)
      Found pkg-config: YES (/opt/homebrew/bin/pkg-config) 2.5.1
      Run-time dependency python found: YES 3.14
      Program _build_utils/cythoner.py found: YES (/private/var/folders/_h/3wt_s0kj1gd4hc0v__8qc3dm0000gn/T/pip-install-f0ai8w3v/scikit-image_d223559366c74bbca1b4023c571277bf/skimage/_build_utils/cythoner.py)
      Compiler for C++ supports arguments -Wno-cpp: YES
      Run-time dependency python found: YES 3.14
      Build targets in project: 57
      
      scikit-image 0.25.2
      
        User defined options
          Native files: /private/var/folders/_h/3wt_s0kj1gd4hc0v__8qc3dm0000gn/T/pip-install-f0ai8w3v/scikit-image_d223559366c74bbca1b4023c571277bf/.mesonpy-47uzmoxn/meson-python-native-file.ini
          b_ndebug    : if-release
          b_vscrt     : md
          buildtype   : release
      
      Found ninja-1.13.0.git.kitware.jobserver-pipe-1 at /private/var/folders/_h/3wt_s0kj1gd4hc0v__8qc3dm0000gn/T/pip-build-env-ljztvk9k/normal/bin/ninja
      + /private/var/folders/_h/3wt_s0kj1gd4hc0v__8qc3dm0000gn/T/pip-build-env-ljztvk9k/normal/bin/ninja
      [1/165] Generating skimage/morphology/_skeletonize_lee_cy with a custom command
      [2/165] Generating 'skimage/feature/orb_cy.cpython-314-darwin.so.p/orb_cy.c'
      FAILED: [code=127] skimage/feature/orb_cy.cpython-314-darwin.so.p/orb_cy.c
      /private/var/folders/_h/3wt_s0kj1gd4hc0v__8qc3dm0000gn/T/pip-install-f0ai8w3v/scikit-image_d223559366c74bbca1b4023c571277bf/skimage/_build_utils/cythoner.py ../skimage/feature/orb_cy.pyx skimage/feature/orb_cy.cpython-314-darwin.so.p/orb_cy.c -Xfreethreading_compatible=True
      env: python: No such file or directory
      [3/165] Generating 'skimage/feature/_canny_cy.cpython-314-darwin.so.p/_canny_cy.c'
      FAILED: [code=127] skimage/feature/_canny_cy.cpython-314-darwin.so.p/_canny_cy.c
      /private/var/folders/_h/3wt_s0kj1gd4hc0v__8qc3dm0000gn/T/pip-install-f0ai8w3v/scikit-image_d223559366c74bbca1b4023c571277bf/skimage/_build_utils/cythoner.py ../skimage/feature/_canny_cy.pyx skimage/feature/_canny_cy.cpython-314-darwin.so.p/_canny_cy.c -Xfreethreading_compatible=True
      env: python: No such file or directory
      [4/165] Generating 'skimage/feature/_hoghistogram.cpython-314-darwin.so.p/_hoghistogram.c'
      FAILED: [code=127] skimage/feature/_hoghistogram.cpython-314-darwin.so.p/_hoghistogram.c
      /private/var/folders/_h/3wt_s0kj1gd4hc0v__8qc3dm0000gn/T/pip-install-f0ai8w3v/scikit-image_d223559366c74bbca1b4023c571277bf/skimage/_build_utils/cythoner.py ../skimage/feature/_hoghistogram.pyx skimage/feature/_hoghistogram.cpython-314-darwin.so.p/_hoghistogram.c -Xfreethreading_compatible=True
      env: python: No such file or directory
      [5/165] Generating 'skimage/_shared/fast_exp.cpython-314-darwin.so.p/fast_exp.c'
      FAILED: [code=127] skimage/_shared/fast_exp.cpytho

... [889 characters truncated] ...

 'skimage/draw/_draw.cpython-314-darwin.so.p/_draw.c'
      FAILED: [code=127] skimage/draw/_draw.cpython-314-darwin.so.p/_draw.c
      /private/var/folders/_h/3wt_s0kj1gd4hc0v__8qc3dm0000gn/T/pip-install-f0ai8w3v/scikit-image_d223559366c74bbca1b4023c571277bf/skimage/_build_utils/cythoner.py ../skimage/draw/_draw.pyx skimage/draw/_draw.cpython-314-darwin.so.p/_draw.c -Xfreethreading_compatible=True
      env: python: No such file or directory
      [8/165] Generating 'skimage/feature/_haar.cpython-314-darwin.so.p/_haar.cpp'
      FAILED: [code=127] skimage/feature/_haar.cpython-314-darwin.so.p/_haar.cpp
      /private/var/folders/_h/3wt_s0kj1gd4hc0v__8qc3dm0000gn/T/pip-install-f0ai8w3v/scikit-image_d223559366c74bbca1b4023c571277bf/skimage/_build_utils/cythoner.py ../skimage/feature/_haar.pyx skimage/feature/_haar.cpython-314-darwin.so.p/_haar.cpp --cplus
      env: python: No such file or directory
      [9/165] Generating 'skimage/_shared/transform.cpython-314-darwin.so.p/transform.c'
      FAILED: [code=127] skimage/_shared/transform.cpython-314-darwin.so.p/transform.c
      /private/var/folders/_h/3wt_s0kj1gd4hc0v__8qc3dm0000gn/T/pip-install-f0ai8w3v/scikit-image_d223559366c74bbca1b4023c571277bf/skimage/_build_utils/cythoner.py ../skimage/_shared/transform.pyx skimage/_shared/transform.cpython-314-darwin.so.p/transform.c -Xfreethreading_compatible=True
      env: python: No such file or directory
      [10/165] Generating 'skimage/_shared/interpolation.cpython-314-darwin.so.p/interpolation.c'
      FAILED: [code=127] skimage/_shared/interpolation.cpython-314-darwin.so.p/interpolation.c
      /private/var/folders/_h/3wt_s0kj1gd4hc0v__8qc3dm0000gn/T/pip-install-f0ai8w3v/scikit-image_d223559366c74bbca1b4023c571277bf/skimage/_build_utils/cythoner.py ../skimage/_shared/interpolation.pyx skimage/_shared/interpolation.cpython-314-darwin.so.p/interpolation.c -Xfreethreading_compatible=True
      env: python: No such file or directory
      [11/165] Generating 'skimage/_shared/geometry.cpython-314-darwin.so.p/geometry.c'
      FAILED: [code=127] skimage/_shared/geometry.cpython-314-darwin.so.p/geometry.c
      /private/var/folders/_h/3wt_s0kj1gd4hc0v__8qc3dm0000gn/T/pip-install-f0ai8w3v/scikit-image_d223559366c74bbca1b4023c571277bf/skimage/_build_utils/cythoner.py ../skimage/_shared/geometry.pyx skimage/_shared/geometry.cpython-314-darwin.so.p/geometry.c -Xfreethreading_compatible=True
      env: python: No such file or directory
      [12/165] Generating 'skimage/feature/_sift.cpython-314-darwin.so.p/_sift.c'
      FAILED: [code=127] skimage/feature/_sift.cpython-314-darwin.so.p/_sift.c
      /private/var/folders/_h/3wt_s0kj1gd4hc0v__8qc3dm0000gn/T/pip-install-f0ai8w3v/scikit-image_d223559366c74bbca1b4023c571277bf/skimage/_build_utils/cythoner.py ../skimage/feature/_sift.pyx skimage/feature/_sift.cpython-314-darwin.so.p/_sift.c -Xfreethreading_compatible=True
      env: python: No such file or directory
      [13/165] Generating 'skimage/feature/_cascade.cpython-314-darwin.so.p/_cascade.cpp'
      FAILED: [code=127] skimage/feature/_cascade.cpython-314-darwin.so.p/_cascade.cpp
      /private/var/folders/_h/3wt_s0kj1gd4hc0v__8qc3dm0000gn/T/pip-install-f0ai8w3v/scikit-image_d223559366c74bbca1b4023c571277bf/skimage/_build_utils/cythoner.py ../skimage/feature/_cascade.pyx skimage/feature/_cascade.cpython-314-darwin.so.p/_cascade.cpp --cplus
      env: python: No such file or directory
      [14/165] Generating 'skimage/feature/corner_cy.cpython-314-darwin.so.p/corner_cy.c'
      FAILED: [code=127] skimage/feature/corner_cy.cpython-314-darwin.so.p/corner_cy.c
      /private/var/folders/_h/3wt_s0kj1gd4hc0v__8qc3dm0000gn/T/pip-install-f0ai8w3v/scikit-image_d223559366c74bbca1b4023c571277bf/skimage/_build_utils/cythoner.py ../skimage/feature/corner_cy.pyx skimage/feature/corner_cy.cpython-314-darwin.so.p/corner_cy.c -Xfreethreading_compatible=True
      env: python: No such file or directory
      [15/165] Generating 'skimage/feature/censure_cy.cpython-314-darwin.so.p/censure_cy.c'
      FAILED: [code=127] skimage/feature/censure_cy.cpython-314-darwin.so.p/censure_cy.c
      /private/var/folders/_h/3wt_s0kj1gd4hc0v__8qc3dm0000gn/T/pip-install-f0ai8w3v/scikit-image_d223559366c74bbca1b4023c571277bf/skimage/_build_utils/cythoner.py ../skimage/feature/censure_cy.pyx skimage/feature/censure_cy.cpython-314-darwin.so.p/censure_cy.c -Xfreethreading_compatible=True
      env: python: No such file or directory
      [16/165] Generating skimage/feature/_hessian_det_appx_pythran with a custom command
      [17/165] Generating skimage/feature/_brief_pythran with a custom command
      ninja: build stopped: subcommand failed.
      [end of output]
  
  note: This error originates from a subprocess, and is likely not a problem with pip.
error: metadata-generation-failed

× Encountered error while generating package metadata.
╰─> scikit-image

note: This is an issue with the package mentioned above, not pip.
hint: See above for details.